<?xml version="1.0" encoding="UTF-8"?>
<!-- Generated by org.testng.reporters.JUnitXMLReporter -->
<testsuite ignored="0" hostname="DESKTOP-3EMAQIT" failures="0" tests="4" name="Default test" time="7.194" errors="0" timestamp="2023-10-09T17:37:30 IST">
  <testcase classname="TestPractice.SauceDemoAssignment" name="loginToSauceDemo" time="5.096"/>
  <testcase classname="TestPractice.SauceDemoAssignment" name="addProductToCart" time="0.648"/>
  <testcase classname="TestPractice.SauceDemoAssignment" name="enterNameAndZipcode" time="1.127"/>
  <testcase classname="TestPractice.SauceDemoAssignment" name="validateSuccessMessage" time="0.253"/>
</testsuite> <!-- Default test -->
