<?xml version="1.0" encoding="UTF-8"?>
<!-- Generated by org.testng.reporters.JUnitXMLReporter -->
<testsuite ignored="0" hostname="DESKTOP-3EMAQIT" failures="0" tests="3" name="Default test" time="74.783" errors="0" timestamp="2023-10-17T15:50:14 IST">
  <testcase classname="OrangeHRMScripts.TestOrangeHrmPim" name="createPIM" time="10.678"/>
  <testcase classname="OrangeHRMScripts.TestOrangeHrmPim" name="deletePIM" time="6.81"/>
  <testcase classname="OrangeHRMScripts.TestOrangeHrmPim" name="editPIM" time="8.287"/>
</testsuite> <!-- Default test -->
