<?xml version="1.0" encoding="UTF-8"?>
<testng-results ignored="0" total="1" passed="1" failed="0" skipped="0">
  <reporter-output>
  </reporter-output>
  <suite started-at="2023-10-17T23:43:31 IST" name="Suite" finished-at="2023-10-17T23:43:44 IST" duration-ms="13335">
    <groups>
    </groups>
    <test started-at="2023-10-17T23:43:31 IST" name="Test" finished-at="2023-10-17T23:43:44 IST" duration-ms="13335">
      <class name="SauceDemoTestScripts.TestScripts">
        <test-method is-config="true" signature="precondition()[pri:0, instance:SauceDemoTestScripts.TestScripts@45b9a632]" started-at="2023-10-17T23:43:31 IST" name="precondition" finished-at="2023-10-17T23:43:42 IST" duration-ms="11007" status="PASS">
          <reporter-output>
          </reporter-output>
        </test-method> <!-- precondition -->
        <test-method signature="addProductToCart()[pri:0, instance:SauceDemoTestScripts.TestScripts@45b9a632]" started-at="2023-10-17T23:43:42 IST" name="addProductToCart" finished-at="2023-10-17T23:43:44 IST" duration-ms="2192" status="PASS">
          <reporter-output>
          </reporter-output>
        </test-method> <!-- addProductToCart -->
        <test-method is-config="true" signature="postCondition()[pri:0, instance:SauceDemoTestScripts.TestScripts@45b9a632]" started-at="2023-10-17T23:43:44 IST" name="postCondition" finished-at="2023-10-17T23:43:44 IST" duration-ms="95" status="PASS">
          <reporter-output>
          </reporter-output>
        </test-method> <!-- postCondition -->
      </class> <!-- SauceDemoTestScripts.TestScripts -->
    </test> <!-- Test -->
  </suite> <!-- Suite -->
</testng-results>
