<?xml version="1.0" encoding="UTF-8"?>
<testng-results ignored="0" total="1" passed="1" failed="0" skipped="0">
  <reporter-output>
  </reporter-output>
  <suite started-at="2023-10-18T16:45:07 IST" name="Suite" finished-at="2023-10-18T16:45:16 IST" duration-ms="8774">
    <groups>
    </groups>
    <test started-at="2023-10-18T16:45:07 IST" name="Test" finished-at="2023-10-18T16:45:16 IST" duration-ms="8774">
      <class name="SauceDemoTestScripts.TestScripts">
        <test-method is-config="true" signature="precondition()[pri:0, instance:SauceDemoTestScripts.TestScripts@45b9a632]" started-at="2023-10-18T16:45:07 IST" name="precondition" finished-at="2023-10-18T16:45:13 IST" duration-ms="6172" status="PASS">
          <reporter-output>
          </reporter-output>
        </test-method> <!-- precondition -->
        <test-method signature="addProductToCart()[pri:0, instance:SauceDemoTestScripts.TestScripts@45b9a632]" started-at="2023-10-18T16:45:14 IST" name="addProductToCart" finished-at="2023-10-18T16:45:16 IST" duration-ms="2426" status="PASS">
          <reporter-output>
          </reporter-output>
        </test-method> <!-- addProductToCart -->
        <test-method is-config="true" signature="postCondition()[pri:0, instance:SauceDemoTestScripts.TestScripts@45b9a632]" started-at="2023-10-18T16:45:16 IST" name="postCondition" finished-at="2023-10-18T16:45:16 IST" duration-ms="128" status="PASS">
          <reporter-output>
          </reporter-output>
        </test-method> <!-- postCondition -->
      </class> <!-- SauceDemoTestScripts.TestScripts -->
    </test> <!-- Test -->
  </suite> <!-- Suite -->
</testng-results>
