<?xml version="1.0" encoding="UTF-8"?>
<testng-results ignored="0" total="4" passed="4" failed="0" skipped="0">
  <reporter-output>
  </reporter-output>
  <suite started-at="2023-10-09T17:37:22 IST" name="Default suite" finished-at="2023-10-09T17:37:29 IST" duration-ms="7194">
    <groups>
    </groups>
    <test started-at="2023-10-09T17:37:22 IST" name="Default test" finished-at="2023-10-09T17:37:29 IST" duration-ms="7194">
      <class name="TestPractice.SauceDemoAssignment">
        <test-method signature="loginToSauceDemo()[pri:0, instance:TestPractice.SauceDemoAssignment@f0c8a99]" started-at="2023-10-09T17:37:22 IST" name="loginToSauceDemo" finished-at="2023-10-09T17:37:27 IST" duration-ms="5096" status="PASS">
          <reporter-output>
          </reporter-output>
        </test-method> <!-- loginToSauceDemo -->
        <test-method signature="addProductToCart()[pri:1, instance:TestPractice.SauceDemoAssignment@f0c8a99]" started-at="2023-10-09T17:37:27 IST" name="addProductToCart" finished-at="2023-10-09T17:37:28 IST" duration-ms="648" status="PASS">
          <reporter-output>
          </reporter-output>
        </test-method> <!-- addProductToCart -->
        <test-method signature="enterNameAndZipcode()[pri:2, instance:TestPractice.SauceDemoAssignment@f0c8a99]" started-at="2023-10-09T17:37:28 IST" name="enterNameAndZipcode" finished-at="2023-10-09T17:37:29 IST" duration-ms="1127" status="PASS">
          <reporter-output>
          </reporter-output>
        </test-method> <!-- enterNameAndZipcode -->
        <test-method signature="validateSuccessMessage()[pri:3, instance:TestPractice.SauceDemoAssignment@f0c8a99]" started-at="2023-10-09T17:37:29 IST" name="validateSuccessMessage" finished-at="2023-10-09T17:37:29 IST" duration-ms="253" status="PASS">
          <reporter-output>
          </reporter-output>
        </test-method> <!-- validateSuccessMessage -->
      </class> <!-- TestPractice.SauceDemoAssignment -->
    </test> <!-- Default test -->
  </suite> <!-- Default suite -->
</testng-results>
