<?xml version="1.0" encoding="UTF-8"?>
<testng-results ignored="0" total="1" passed="1" failed="0" skipped="0">
  <reporter-output>
  </reporter-output>
  <suite started-at="2023-10-19T18:47:02 IST" name="Default suite" finished-at="2023-10-19T18:47:09 IST" duration-ms="7116">
    <groups>
    </groups>
    <test started-at="2023-10-19T18:47:02 IST" name="Default test" finished-at="2023-10-19T18:47:09 IST" duration-ms="7116">
      <class name="SauceDemoTestScripts.TestScripts">
        <test-method is-config="true" signature="precondition()[pri:0, instance:SauceDemoTestScripts.TestScripts@6f4a47c7]" started-at="2023-10-19T18:47:02 IST" name="precondition" finished-at="2023-10-19T18:47:07 IST" duration-ms="4817" status="PASS">
          <reporter-output>
          </reporter-output>
        </test-method> <!-- precondition -->
        <test-method signature="addProductToCart()[pri:0, instance:SauceDemoTestScripts.TestScripts@6f4a47c7]" started-at="2023-10-19T18:47:07 IST" name="addProductToCart" finished-at="2023-10-19T18:47:09 IST" duration-ms="2117" status="PASS">
          <reporter-output>
          </reporter-output>
        </test-method> <!-- addProductToCart -->
        <test-method is-config="true" signature="postCondition()[pri:0, instance:SauceDemoTestScripts.TestScripts@6f4a47c7]" started-at="2023-10-19T18:47:09 IST" name="postCondition" finished-at="2023-10-19T18:47:09 IST" duration-ms="119" status="PASS">
          <reporter-output>
          </reporter-output>
        </test-method> <!-- postCondition -->
      </class> <!-- SauceDemoTestScripts.TestScripts -->
    </test> <!-- Default test -->
  </suite> <!-- Default suite -->
</testng-results>
